<?xml version="1.0" encoding="UTF-8"?>
<testsuite name="com.spring.boot.Example.ExampleApplicationTests" tests="1" skipped="0" failures="0" errors="0" timestamp="2018-01-08T09:31:46" hostname="W8-HARDIKN" time="0.026">
  <properties/>
  <testcase name="contextLoads" classname="com.spring.boot.Example.ExampleApplicationTests" time="0.026"/>
  <system-out><![CDATA[15:01:44.510 [Test worker] DEBUG org.springframework.test.context.junit4.SpringJUnit4ClassRunner - SpringJUnit4ClassRunner constructor called with [class com.spring.boot.Example.ExampleApplicationTests]
15:01:44.513 [Test worker] DEBUG org.springframework.test.context.BootstrapUtils - Instantiating CacheAwareContextLoaderDelegate from class [org.springframework.test.context.cache.DefaultCacheAwareContextLoaderDelegate]
15:01:44.520 [Test worker] DEBUG org.springframework.test.context.BootstrapUtils - Instantiating BootstrapContext using constructor [public org.springframework.test.context.support.DefaultBootstrapContext(java.lang.Class,org.springframework.test.context.CacheAwareContextLoaderDelegate)]
15:01:44.531 [Test worker] DEBUG org.springframework.test.context.BootstrapUtils - Instantiating TestContextBootstrapper for test class [com.spring.boot.Example.ExampleApplicationTests] from class [org.springframework.boot.test.context.SpringBootTestContextBootstrapper]
15:01:44.540 [Test worker] INFO org.springframework.boot.test.context.SpringBootTestContextBootstrapper - Neither @ContextConfiguration nor @ContextHierarchy found for test class [com.spring.boot.Example.ExampleApplicationTests], using SpringBootContextLoader
15:01:44.542 [Test worker] DEBUG org.springframework.test.context.support.AbstractContextLoader - Did not detect default resource location for test class [com.spring.boot.Example.ExampleApplicationTests]: class path resource [com/spring/boot/Example/ExampleApplicationTests-context.xml] does not exist
15:01:44.543 [Test worker] DEBUG org.springframework.test.context.support.AbstractContextLoader - Did not detect default resource location for test class [com.spring.boot.Example.ExampleApplicationTests]: class path resource [com/spring/boot/Example/ExampleApplicationTestsContext.groovy] does not exist
15:01:44.543 [Test worker] INFO org.springframework.test.context.support.AbstractContextLoader - Could not detect default resource locations for test class [com.spring.boot.Example.ExampleApplicationTests]: no resource found for suffixes {-context.xml, Context.groovy}.
15:01:44.543 [Test worker] INFO org.springframework.test.context.support.AnnotationConfigContextLoaderUtils - Could not detect default configuration classes for test class [com.spring.boot.Example.ExampleApplicationTests]: ExampleApplicationTests does not declare any static, non-private, non-final, nested classes annotated with @Configuration.
15:01:44.569 [Test worker] DEBUG org.springframework.test.context.support.ActiveProfilesUtils - Could not find an 'annotation declaring class' for annotation type [org.springframework.test.context.ActiveProfiles] and class [com.spring.boot.Example.ExampleApplicationTests]
15:01:44.578 [Test worker] DEBUG org.springframework.core.env.StandardEnvironment - Adding PropertySource 'systemProperties' with lowest search precedence
15:01:44.578 [Test worker] DEBUG org.springframework.core.env.StandardEnvironment - Adding PropertySource 'systemEnvironment' with lowest search precedence
15:01:44.578 [Test worker] DEBUG org.springframework.core.env.StandardEnvironment - Initialized StandardEnvironment with PropertySources [MapPropertySource@826829314 {name='systemProperties', properties={java.runtime.name=Java(TM) SE Runtime Environment, sun.boot.library.path=E:\firstai\tools\jdk1.8.0_144\jre\bin, java.vm.version=25.144-b01, java.vm.vendor=Oracle Corporation, java.vendor.url=http://java.oracle.com/, path.separator=;, java.vm.name=Java HotSpot(TM) 64-Bit Server VM, file.encoding.pkg=sun.io, user.script=, sun.java.launcher=SUN_STANDARD, user.country=US, sun.os.patch.level=, java.vm.specification.name=Java Virtual Machine Specification, user.dir=E:\Hardik\Java\source\Example, java.runtime.version=1.8.0_144-b01, java.awt.graphicsenv=sun.awt.Win32GraphicsEnvironment, java.endorsed.dirs=E:\firstai\tools\jdk1.8.0_144\jre\lib\endorsed, os.arch=amd64, java.io.tmpdir=C:\Users\hardikn\AppData\Local\Temp\, line.separator=
, java.vm.specification.vendor=Oracle Corporation, user.variant=, os.name=Windows 8.1, sun.jnu.encoding=Cp1252, java.library.path=E:\firstai\tools\jdk1.8.0_144\bin;C:\Windows\Sun\Java\bin;C:\Windows\system32;C:\Windows;E:/firstai/tools/jdk1.8.0_144/bin/../jre/bin/server;E:/firstai/tools/jdk1.8.0_144/bin/../jre/bin;E:/firstai/tools/jdk1.8.0_144/bin/../jre/lib/amd64;C:\oraclexe\app\oracle\product\11.2.0\server\bin;;C:\Windows\system32;C:\Windows;C:\Windows\System32\Wbem;C:\Windows\System32\WindowsPowerShell\v1.0\;C:\Program Files\Git\cmd;C:\Program Files (x86)\WinMerge;C:\Users\hardikn\AppData\Local\Programs\Python\Python36-32\Scripts\;C:\Users\hardikn\AppData\Local\Programs\Python\Python36-32\;E:\firstai\tools\jdk1.8.0_144\bin;E:\firstai\tools\jdk1.8.0_144\bin;E:\firstai\tools\mysql-5.7.20-winx64\bin;E:\firstai\tools\rubyinstaller-2.4.2-2-x64\bin;E:\firstai\tools\node-v6.11.5-win-x64\;E:\firstai\tools\gradle-3.2\bin;E:\firstai\tools\curl-7.53.1\src;E:\firstai\tools\elasticsearch-5.6.3\bin;C:\Users\hardikn\AppData\Local\GitHubDesktop\bin;C:\Program Files\Docker Toolbox\;C:\Users\hardikn\AppData\Local\Programs\Fiddler;C:\Program Files\Microsoft VS Code\bin;E:\software\elasticsearch\kibana-6.0.0-windows-x86_64\bin;E:\software\elasticsearch\logstash-6.0.0\bin;E:\software\database\liquibase-3.5.3-bin;E:\software\atlassian-bitbucket\atlassian-bitbucket-5.5.2\bin;C:\Users\hardikn\AppData\Local\Programs\Python\Python36-32;E:\software\apache-maven-3.5.0\bin;E:\Hardik\Java\resource\spring-1.5.9.RELEASE\\bin;;C:\Users\hardikn\Desktop;;., java.specification.name=Java Platform API Specification, java.class.version=52.0, sun.management.compiler=HotSpot 64-Bit Tiered Compilers, os.version=6.3, user.home=C:\Users\hardikn, user.timezone=Asia/Calcutta, java.awt.printerjob=sun.awt.windows.WPrinterJob, file.encoding=windows-1252, java.specification.version=1.8, java.class.path=E:\Hardik\Java\source\Example\build\classes\test;E:\Hardik\Java\source\Example\build\resources\test;E:\Hardik\Java\source\Example\build\classes\main;E:\Hardik\Java\source\Example\build\resources\main;C:\Users\hardikn\.gradle\caches\modules-2\files-2.1\org.springframework.boot\spring-boot-starter-actuator\1.5.9.RELEASE\5fcdcdef573e55e5dba9b499e3f5582f6b3c3fbe\spring-boot-starter-actuator-1.5.9.RELEASE.jar;C:\Users\hardikn\.gradle\caches\modules-2\files-2.1\org.springframework.boot\spring-boot-starter-web\1.5.9.RELEASE\bda9733d5e6ba6d1a97deead1738713dc0631b3e\spring-boot-starter-web-1.5.9.RELEASE.jar;C:\Users\hardikn\.gradle\caches\modules-2\files-2.1\org.springframework.boot\spring-boot-starter-test\1.5.9.RELEASE\b5adf6fbf53be00b7ae52f657d564122edbe5156\spring-boot-starter-test-1.5.9.RELEASE.jar;C:\Users\hardikn\.gradle\caches\modules-2\files-2.1\org.springframework.boot\spring-boot-starter\1.5.9.RELEASE\6bfb34db2715ee86c6e2337fa145650588b4b1b3\spring-boot-starter-1.5.9.RELEASE.jar;C:\Users\hardikn\.gradle\caches\modules-2\files-2.1\org.springframework.boot\spring-boot-actuator\1.5.9.RELEASE\c4aaf71a1298c1bde690fcf75df39036745396c6\spring-boot-actuator-1.5.9.RELEASE.jar;C:\Users\hardikn\.gradle\caches\modules-2\files-2.1\org.springframework.boot\spring-boot-starter-tomcat\1.5.9.RELEASE\4615056f8a2bcad03ba8cdf410419ee3d101c5bb\spring-boot-starter-tomcat-1.5.9.RELEASE.jar;C:\Users\hardikn\.gradle\caches\modules-2\files-2.1\org.hibernate\hibernate-validator\5.3.6.Final\4c730be8bf55a8e9a61e79a2f2c079abf48b718\hibernate-validator-5.3.6.Final.jar;C:\Users\hardikn\.gradle\caches\modules-2\files-2.1\com.fasterxml.jackson.core\jackson-databind\2.8.10\f7b83cb2bc4b88d53961e749e1ad32f49ef017b7\jackson-databind-2.8.10.jar;C:\Users\hardikn\.gradle\caches\modules-2\files-2.1\org.springframework\spring-web\4.3.13.RELEASE\7cd084992d546165ede3e99bc31ee49c937f0ce7\spring-web-4.3.13.RELEASE.jar;C:\Users\hardikn\.gradle\caches\modules-2\files-2.1\org.springframework\spring-webmvc\4.3.13.RELEASE\87a095c7a1d13fe433ae6712787238c1dbaa6919\spring-webmvc-4.3.13.RELEASE.jar;C:\Users\hardikn\.gradle\caches\modules-2\files-2.1\org.springframework.boot\spring-boot-test\1.5.9.RELEASE\7e604d56325f04a8b89a280e647746fc69e5a21f\spring-boot-test-1.5.9.RELEASE.jar;C:\Users\hardikn\.gradle\caches\modules-2\files-2.1\org.springframework.boot\spring-boot-test-autoconfigure\1.5.9.RELEASE\b428495e25b0531b2a977f51c5d29011c817b8ee\spring-boot-test-autoconfigure-1.5.9.RELEASE.jar;C:\Users\hardikn\.gradle\caches\modules-2\files-2.1\com.jayway.jsonpath\json-path\2.2.0\22290d17944bd239fabf5ac69005a60a7ecbbbcb\json-path-2.2.0.jar;C:\Users\hardikn\.gradle\caches\modules-2\files-2.1\junit\junit\4.12\2973d150c0dc1fefe998f834810d68f278ea58ec\junit-4.12.jar;C:\Users\hardikn\.gradle\caches\modules-2\files-2.1\org.assertj\assertj-core\2.6.0\b532c3fc4f66bcfee4989a3514f1cd56203a33ad\assertj-core-2.6.0.jar;C:\Users\hardikn\.gradle\caches\modules-2\files-2.1\org.mockito\mockito-core\1.10.19\e8546f5bef4e061d8dd73895b4e8f40e3fe6effe\mockito-core-1.10.19.jar;C:\Users\hardikn\.gradle\caches\modules-2\files-2.1\org.hamcrest\hamcrest-core\1.3\42a25dc3219429f0e5d060061f71acb49bf010a0\hamcrest-core-1.3.jar;C:\Users\hardikn\.gradle\caches\modules-2\files-2.1\org.hamcrest\hamcrest-library\1.3\4785a3c21320980282f9f33d0d1264a69040538f\hamcrest-library-1.3.jar;C:\Users\hardikn\.gradle\caches\modules-2\files-2.1\org.skyscreamer\jsonassert\1.4.0\9cdbb373a06f6513e51e8c545ee6a5e981463edb\jsonassert-1.4.0.jar;C:\Users\hardikn\.gradle\caches\modules-2\files-2.1\org.springframework\spring-core\4.3.13.RELEASE\eea18d7f4d01f1baa1b6728b678b5a6fe23c61f6\spring-core-4.3.13.RELEASE.jar;C:\Users\hardikn\.gradle\caches\modules-2\files-2.1\org.springframework\spring-test\4.3.13.RELEASE\f4ff71b0d628d37f334d4f1f197c1b8cea364d01\spring-test-4.3.13.RELEASE.jar;C:\Users\hardikn\.gradle\caches\modules-2\files-2.1\org.springframework.boot\spring-boot\1.5.9.RELEASE\f472cdf948288796fb31e0bb03f6e7b022b763a0\spring-boot-1.5.9.RELEASE.jar;C:\Users\hardikn\.gradle\caches\modules-2\files-2.1\org.springframework.boot\spring-boot-autoconfigure\1.5.9.RELEASE\88dd18bdaf317ae40971573a051fd47265f2ed39\spring-boot-autoconfigure-1.5.9.RELEASE.jar;C:\Users\hardikn\.gradle\caches\modules-2\files-2.1\org.springframework.boot\spring-boot-starter-logging\1.5.9.RELEASE\30fd62a1ce9639759d90d49608501082314c1628\spring-boot-starter-logging-1.5.9.RELEASE.jar;C:\Users\hardikn\.gradle\caches\modules-2\files-2.1\org.yaml\snakeyaml\1.17\7a27ea250c5130b2922b86dea63cbb1cc10a660c\snakeyaml-1.17.jar;C:\Users\hardikn\.gradle\caches\modules-2\files-2.1\org.springframework\spring-context\4.3.13.RELEASE\6ab1c189a13182fa3256f6bbc68fafdaf8f5a19e\spring-context-4.3.13.RELEASE.jar;C:\Users\hardikn\.gradle\caches\modules-2\files-2.1\org.apache.tomcat.embed\tomcat-embed-core\8.5.23\79261793a47f507890ee08f749b9d81774e4f7f0\tomcat-embed-core-8.5.23.jar;C:\Users\hardikn\.gradle\caches\modules-2\files-2.1\org.apache.tomcat.embed\tomcat-embed-el\8.5.23\98d979cde444dffa6d434c8377d0123b2dfa614c\tomcat-embed-el-8.5.23.jar;C:\Users\hardikn\.gradle\caches\modules-2\files-2.1\org.apache.tomcat.embed\tomcat-embed-websocket\8.5.23\52f07abcae10dc7e1764304b0877def175c2c833\tomcat-embed-websocket-8.5.23.jar;C:\Users\hardikn\.gradle\caches\modules-2\files-2.1\javax.validation\validation-api\1.1.0.Final\8613ae82954779d518631e05daa73a6a954817d5\validation-api-1.1.0.Final.jar;C:\Users\hardikn\.gradle\caches\modules-2\files-2.1\org.jboss.logging\jboss-logging\3.3.1.Final\c46217ab74b532568c0ed31dc599db3048bd1b67\jboss-logging-3.3.1.Final.jar;C:\Users\hardikn\.gradle\caches\modules-2\files-2.1\com.fasterxml\classmate\1.3.4\3d5f48f10bbe4eb7bd862f10c0583be2e0053c6\classmate-1.3.4.jar;C:\Users\hardikn\.gradle\caches\modules-2\files-2.1\com.fasterxml.jackson.core\jackson-annotations\2.8.0\45b426f7796b741035581a176744d91090e2e6fb\jackson-annotations-2.8.0.jar;C:\Users\hardikn\.gradle\caches\modules-2\files-2.1\com.fasterxml.jackson.core\jackson-core\2.8.10\eb21a035c66ad307e66ec8fce37f5d50fd62d039\jackson-core-2.8.10.jar;C:\Users\hardikn\.gradle\caches\modules-2\files-2.1\org.springframework\spring-aop\4.3.13.RELEASE\61f427b55951f59b50f3c2bd0de3c48960e2a342\spring-aop-4.3.13.RELEASE.jar;C:\Users\hardikn\.gradle\caches\modules-2\files-2.1\org.springframework\spring-beans\4.3.13.RELEASE\8613a7077722f1d97f8cb3fea4b0b40bfadf4496\spring-beans-4.3.13.RELEASE.jar;C:\Users\hardikn\.gradle\caches\modules-2\files-2.1\org.springframework\spring-expression\4.3.13.RELEASE\da22bf7df1262e429b49653be6cd5b89b6affe5e\spring-expression-4.3.13.RELEASE.jar;C:\Users\hardikn\.gradle\caches\modules-2\files-2.1\net.minidev\json-smart\2.2.1\5b9e5df7a62d1279b70dc882b041d249c4f0b002\json-smart-2.2.1.jar;C:\Users\hardikn\.gradle\caches\modules-2\files-2.1\org.slf4j\slf4j-api\1.7.25\da76ca59f6a57ee3102f8f9bd9cee742973efa8a\slf4j-api-1.7.25.jar;C:\Users\hardikn\.gradle\caches\modules-2\files-2.1\org.objenesis\objenesis\2.1\87c0ea803b69252868d09308b4618f766f135a96\objenesis-2.1.jar;C:\Users\hardikn\.gradle\caches\modules-2\files-2.1\com.vaadin.external.google\android-json\0.0.20131108.vaadin1\fa26d351fe62a6a17f5cda1287c1c6110dec413f\android-json-0.0.20131108.vaadin1.jar;C:\Users\hardikn\.gradle\caches\modules-2\files-2.1\ch.qos.logback\logback-classic\1.1.11\ccedfbacef4a6515d2983e3f89ed753d5d4fb665\logback-classic-1.1.11.jar;C:\Users\hardikn\.gradle\caches\modules-2\files-2.1\org.slf4j\jcl-over-slf4j\1.7.25\f8c32b13ff142a513eeb5b6330b1588dcb2c0461\jcl-over-slf4j-1.7.25.jar;C:\Users\hardikn\.gradle\caches\modules-2\files-2.1\org.slf4j\jul-to-slf4j\1.7.25\af5364cd6679bfffb114f0dec8a157aaa283b76\jul-to-slf4j-1.7.25.jar;C:\Users\hardikn\.gradle\caches\modules-2\files-2.1\org.slf4j\log4j-over-slf4j\1.7.25\a87bb47468f47ee7aabbd54f93e133d4215769c3\log4j-over-slf4j-1.7.25.jar;C:\Users\hardikn\.gradle\caches\modules-2\files-2.1\org.apache.tomcat\tomcat-annotations-api\8.5.23\aaf17df9fe0240e9e9d5375d24d5f177174b73d9\tomcat-annotations-api-8.5.23.jar;C:\Users\hardikn\.gradle\caches\modules-2\files-2.1\net.minidev\accessors-smart\1.1\a527213f2fea112a04c9bdf0ec0264e34104cd08\accessors-smart-1.1.jar;C:\Users\hardikn\.gradle\caches\modules-2\files-2.1\ch.qos.logback\logback-core\1.1.11\88b8df40340eed549fb07e2613879bf6b006704d\logback-core-1.1.11.jar;C:\Users\hardikn\.gradle\caches\modules-2\files-2.1\org.ow2.asm\asm\5.0.3\dcc2193db20e19e1feca8b1240dbbc4e190824fa\asm-5.0.3.jar, user.name=hardikn, java.vm.specification.version=1.8, sun.java.command=worker.org.gradle.process.internal.worker.GradleWorkerMain 'Gradle Test Executor 1', java.home=E:\firstai\tools\jdk1.8.0_144\jre, sun.arch.data.model=64, user.language=en, java.specification.vendor=Oracle Corporation, awt.toolkit=sun.awt.windows.WToolkit, java.vm.info=mixed mode, java.version=1.8.0_144, java.ext.dirs=E:\firstai\tools\jdk1.8.0_144\jre\lib\ext;C:\Windows\Sun\Java\lib\ext, sun.boot.class.path=E:\firstai\tools\jdk1.8.0_144\jre\lib\resources.jar;E:\firstai\tools\jdk1.8.0_144\jre\lib\rt.jar;E:\firstai\tools\jdk1.8.0_144\jre\lib\sunrsasign.jar;E:\firstai\tools\jdk1.8.0_144\jre\lib\jsse.jar;E:\firstai\tools\jdk1.8.0_144\jre\lib\jce.jar;E:\firstai\tools\jdk1.8.0_144\jre\lib\charsets.jar;E:\firstai\tools\jdk1.8.0_144\jre\lib\jfr.jar;E:\firstai\tools\jdk1.8.0_144\jre\classes, java.vendor=Oracle Corporation, org.gradle.test.worker=1, file.separator=\, java.vendor.url.bug=http://bugreport.sun.com/bugreport/, sun.io.unicode.encoding=UnicodeLittle, sun.cpu.endian=little, sun.desktop=windows, sun.cpu.isalist=amd64}}, SystemEnvironmentPropertySource@1723642619 {name='systemEnvironment', properties={USERDOMAIN_ROAMINGPROFILE=RAYS-TECH, PROCESSOR_LEVEL=6, FP_NO_HOST_CHECK=NO, SESSIONNAME=Console, ALLUSERSPROFILE=C:\ProgramData, PROCESSOR_ARCHITECTURE=AMD64, PSModulePath=C:\Windows\system32\WindowsPowerShell\v1.0\Modules\, SystemDrive=C:, JRE_HOME=E:\firstai\tools\jdk1.8.0_144\, NODEJS_HOME=E:\firstai\tools\node-v6.11.5-win-x64\, MAVEN_HOME=E:\software\apache-maven-3.5.0, USERNAME=hardikn, USERDNSDOMAIN=RAYS-TECH.COM, ProgramFiles(x86)=C:\Program Files (x86), KIBANA_HOME=E:\software\elasticsearch\kibana-6.0.0-windows-x86_64\, PATHEXT=.COM;.EXE;.BAT;.CMD;.VBS;.VBE;.JS;.JSE;.WSF;.WSH;.MSC, PYTHON_HOME=C:\Users\hardikn\AppData\Local\Programs\Python\Python36-32, ProgramData=C:\ProgramData, ProgramW6432=C:\Program Files, HOMEPATH=\Users\hardikn, MYSQL_HOME=E:\firstai\tools\mysql-5.7.20-winx64\, SPRING_HOME=E:\Hardik\Java\resource\spring-1.5.9.RELEASE\, PROCESSOR_IDENTIFIER=Intel64 Family 6 Model 60 Stepping 3, GenuineIntel, ProgramFiles=C:\Program Files, PUBLIC=C:\Users\Public, ELASTICSEARCH_HOME=E:\firstai\tools\elasticsearch-5.6.3\, windir=C:\Windows, =::=::\, LOCALAPPDATA=C:\Users\hardikn\AppData\Local, USERDOMAIN=RAYS-TECH, LOGONSERVER=\\VM-001, JAVA_HOME=E:\firstai\tools\jdk1.8.0_144\, GRADLE_HOME=E:\firstai\tools\gradle-3.2\, APPDATA=C:\Users\hardikn\AppData\Roaming, BITBUCKET_HOME=E:\software\atlassian-bitbucket\atlassian-bitbucket-5.5.2\, LOGSTASH_HOME=E:\software\elasticsearch\logstash-6.0.0\, LIQUIBASE_HOME=E:\software\database\liquibase-3.5.3-bin, VBOX_MSI_INSTALL_PATH=C:\Program Files\Oracle\VirtualBox\, CommonProgramFiles=C:\Program Files\Common Files, Path=E:/firstai/tools/jdk1.8.0_144/bin/../jre/bin/server;E:/firstai/tools/jdk1.8.0_144/bin/../jre/bin;E:/firstai/tools/jdk1.8.0_144/bin/../jre/lib/amd64;C:\oraclexe\app\oracle\product\11.2.0\server\bin;;C:\Windows\system32;C:\Windows;C:\Windows\System32\Wbem;C:\Windows\System32\WindowsPowerShell\v1.0\;C:\Program Files\Git\cmd;C:\Program Files (x86)\WinMerge;C:\Users\hardikn\AppData\Local\Programs\Python\Python36-32\Scripts\;C:\Users\hardikn\AppData\Local\Programs\Python\Python36-32\;E:\firstai\tools\jdk1.8.0_144\bin;E:\firstai\tools\jdk1.8.0_144\bin;E:\firstai\tools\mysql-5.7.20-winx64\bin;E:\firstai\tools\rubyinstaller-2.4.2-2-x64\bin;E:\firstai\tools\node-v6.11.5-win-x64\;E:\firstai\tools\gradle-3.2\bin;E:\firstai\tools\curl-7.53.1\src;E:\firstai\tools\elasticsearch-5.6.3\bin;C:\Users\hardikn\AppData\Local\GitHubDesktop\bin;C:\Program Files\Docker Toolbox\;C:\Users\hardikn\AppData\Local\Programs\Fiddler;C:\Program Files\Microsoft VS Code\bin;E:\software\elasticsearch\kibana-6.0.0-windows-x86_64\bin;E:\software\elasticsearch\logstash-6.0.0\bin;E:\software\database\liquibase-3.5.3-bin;E:\software\atlassian-bitbucket\atlassian-bitbucket-5.5.2\bin;C:\Users\hardikn\AppData\Local\Programs\Python\Python36-32;E:\software\apache-maven-3.5.0\bin;E:\Hardik\Java\resource\spring-1.5.9.RELEASE\\bin;;C:\Users\hardikn\Desktop;, RUBY_HOME=E:\firstai\tools\rubyinstaller-2.4.2-2-x64\, OS=Windows_NT, COMPUTERNAME=W8-HARDIKN, CURL_HOME=E:\firstai\tools\curl-7.53.1\, PROCESSOR_REVISION=3c03, CommonProgramW6432=C:\Program Files\Common Files, ComSpec=C:\Windows\system32\cmd.exe, SystemRoot=C:\Windows, TEMP=C:\Users\hardikn\AppData\Local\Temp, HOMEDRIVE=C:, USERPROFILE=C:\Users\hardikn, TMP=C:\Users\hardikn\AppData\Local\Temp, CommonProgramFiles(x86)=C:\Program Files (x86)\Common Files, NUMBER_OF_PROCESSORS=8, DOCKER_TOOLBOX_INSTALL_PATH=C:\Program Files\Docker Toolbox\}}]
15:01:44.589 [Test worker] DEBUG org.springframework.core.io.support.PathMatchingResourcePatternResolver - Resolved classpath location [com/spring/boot/Example/] to resources [URL [file:/E:/Hardik/Java/source/Example/build/classes/test/com/spring/boot/Example/], URL [file:/E:/Hardik/Java/source/Example/build/classes/main/com/spring/boot/Example/]]
15:01:44.589 [Test worker] DEBUG org.springframework.core.io.support.PathMatchingResourcePatternResolver - Looking for matching resources in directory tree [E:\Hardik\Java\source\Example\build\classes\test\com\spring\boot\Example]
15:01:44.589 [Test worker] DEBUG org.springframework.core.io.support.PathMatchingResourcePatternResolver - Searching directory [E:\Hardik\Java\source\Example\build\classes\test\com\spring\boot\Example] for files matching pattern [E:/Hardik/Java/source/Example/build/classes/test/com/spring/boot/Example/*.class]
15:01:44.591 [Test worker] DEBUG org.springframework.core.io.support.PathMatchingResourcePatternResolver - Looking for matching resources in directory tree [E:\Hardik\Java\source\Example\build\classes\main\com\spring\boot\Example]
15:01:44.592 [Test worker] DEBUG org.springframework.core.io.support.PathMatchingResourcePatternResolver - Searching directory [E:\Hardik\Java\source\Example\build\classes\main\com\spring\boot\Example] for files matching pattern [E:/Hardik/Java/source/Example/build/classes/main/com/spring/boot/Example/*.class]
15:01:44.592 [Test worker] DEBUG org.springframework.core.io.support.PathMatchingResourcePatternResolver - Resolved location pattern [classpath*:com/spring/boot/Example/*.class] to resources [file [E:\Hardik\Java\source\Example\build\classes\test\com\spring\boot\Example\ExampleApplicationTests.class], file [E:\Hardik\Java\source\Example\build\classes\main\com\spring\boot\Example\ExampleApplication.class]]
15:01:44.627 [Test worker] DEBUG org.springframework.context.annotation.ClassPathScanningCandidateComponentProvider - Identified candidate component class: file [E:\Hardik\Java\source\Example\build\classes\main\com\spring\boot\Example\ExampleApplication.class]
15:01:44.627 [Test worker] INFO org.springframework.boot.test.context.SpringBootTestContextBootstrapper - Found @SpringBootConfiguration com.spring.boot.Example.ExampleApplication for test class com.spring.boot.Example.ExampleApplicationTests
15:01:44.631 [Test worker] DEBUG org.springframework.boot.test.context.SpringBootTestContextBootstrapper - @TestExecutionListeners is not present for class [com.spring.boot.Example.ExampleApplicationTests]: using defaults.
15:01:44.634 [Test worker] INFO org.springframework.boot.test.context.SpringBootTestContextBootstrapper - Loaded default TestExecutionListener class names from location [META-INF/spring.factories]: [org.springframework.boot.test.mock.mockito.MockitoTestExecutionListener, org.springframework.boot.test.mock.mockito.ResetMocksTestExecutionListener, org.springframework.boot.test.autoconfigure.restdocs.RestDocsTestExecutionListener, org.springframework.boot.test.autoconfigure.web.client.MockRestServiceServerResetTestExecutionListener, org.springframework.boot.test.autoconfigure.web.servlet.MockMvcPrintOnlyOnFailureTestExecutionListener, org.springframework.boot.test.autoconfigure.web.servlet.WebDriverTestExecutionListener, org.springframework.test.context.web.ServletTestExecutionListener, org.springframework.test.context.support.DirtiesContextBeforeModesTestExecutionListener, org.springframework.test.context.support.DependencyInjectionTestExecutionListener, org.springframework.test.context.support.DirtiesContextTestExecutionListener, org.springframework.test.context.transaction.TransactionalTestExecutionListener, org.springframework.test.context.jdbc.SqlScriptsTestExecutionListener]
15:01:44.645 [Test worker] INFO org.springframework.boot.test.context.SpringBootTestContextBootstrapper - Could not instantiate TestExecutionListener [org.springframework.test.context.transaction.TransactionalTestExecutionListener]. Specify custom listener classes or make the default listener classes (and their required dependencies) available. Offending class: [org/springframework/transaction/interceptor/TransactionAttributeSource]
15:01:44.645 [Test worker] INFO org.springframework.boot.test.context.SpringBootTestContextBootstrapper - Could not instantiate TestExecutionListener [org.springframework.test.context.jdbc.SqlScriptsTestExecutionListener]. Specify custom listener classes or make the default listener classes (and their required dependencies) available. Offending class: [org/springframework/transaction/interceptor/TransactionAttribute]
15:01:44.646 [Test worker] INFO org.springframework.boot.test.context.SpringBootTestContextBootstrapper - Using TestExecutionListeners: [org.springframework.test.context.web.ServletTestExecutionListener@cc66b75, org.springframework.test.context.support.DirtiesContextBeforeModesTestExecutionListener@46f3108b, org.springframework.boot.test.autoconfigure.SpringBootDependencyInjectionTestExecutionListener@6df2e0e8, org.springframework.test.context.support.DirtiesContextTestExecutionListener@44fa5f9e, org.springframework.boot.test.mock.mockito.MockitoTestExecutionListener@7b5819b7, org.springframework.boot.test.mock.mockito.ResetMocksTestExecutionListener@25f1391f, org.springframework.boot.test.autoconfigure.web.servlet.WebDriverTestExecutionListener@5f7e68e9, org.springframework.boot.test.autoconfigure.web.servlet.MockMvcPrintOnlyOnFailureTestExecutionListener@496eca37, org.springframework.boot.test.autoconfigure.restdocs.RestDocsTestExecutionListener@72c0f70c, org.springframework.boot.test.autoconfigure.web.client.MockRestServiceServerResetTestExecutionListener@5e55018a]
15:01:44.648 [Test worker] DEBUG org.springframework.test.annotation.ProfileValueUtils - Retrieved @ProfileValueSourceConfiguration [null] for test class [com.spring.boot.Example.ExampleApplicationTests]
15:01:44.648 [Test worker] DEBUG org.springframework.test.annotation.ProfileValueUtils - Retrieved ProfileValueSource type [class org.springframework.test.annotation.SystemProfileValueSource] for class [com.spring.boot.Example.ExampleApplicationTests]
15:01:44.649 [Test worker] DEBUG org.springframework.test.annotation.ProfileValueUtils - Retrieved @ProfileValueSourceConfiguration [null] for test class [com.spring.boot.Example.ExampleApplicationTests]
15:01:44.649 [Test worker] DEBUG org.springframework.test.annotation.ProfileValueUtils - Retrieved ProfileValueSource type [class org.springframework.test.annotation.SystemProfileValueSource] for class [com.spring.boot.Example.ExampleApplicationTests]
15:01:44.652 [Test worker] DEBUG org.springframework.test.context.support.AbstractDirtiesContextTestExecutionListener - Before test class: context [DefaultTestContext@3ee6aab0 testClass = ExampleApplicationTests, testInstance = [null], testMethod = [null], testException = [null], mergedContextConfiguration = [WebMergedContextConfiguration@64e0292b testClass = ExampleApplicationTests, locations = '{}', classes = '{class com.spring.boot.Example.ExampleApplication}', contextInitializerClasses = '[]', activeProfiles = '{}', propertySourceLocations = '{}', propertySourceProperties = '{org.springframework.boot.test.context.SpringBootTestContextBootstrapper=true}', contextCustomizers = set[org.springframework.boot.test.context.SpringBootTestContextCustomizer@56aa4495, org.springframework.boot.test.context.filter.ExcludeFilterContextCustomizer@65c86dae, org.springframework.boot.test.json.DuplicateJsonObjectContextCustomizerFactory$DuplicateJsonObjectContextCustomizer@f692698, org.springframework.boot.test.mock.mockito.MockitoContextCustomizer@0, org.springframework.boot.test.autoconfigure.properties.PropertyMappingContextCustomizer@0, org.springframework.boot.test.autoconfigure.web.servlet.WebDriverContextCustomizerFactory$Customizer@56873f31], resourceBasePath = 'src/main/webapp', contextLoader = 'org.springframework.boot.test.context.SpringBootContextLoader', parent = [null]]], class annotated with @DirtiesContext [false] with mode [null].
15:01:44.652 [Test worker] DEBUG org.springframework.test.annotation.ProfileValueUtils - Retrieved @ProfileValueSourceConfiguration [null] for test class [com.spring.boot.Example.ExampleApplicationTests]
15:01:44.652 [Test worker] DEBUG org.springframework.test.annotation.ProfileValueUtils - Retrieved ProfileValueSource type [class org.springframework.test.annotation.SystemProfileValueSource] for class [com.spring.boot.Example.ExampleApplicationTests]
15:01:44.693 [Test worker] DEBUG org.springframework.core.env.StandardEnvironment - Adding PropertySource 'systemProperties' with lowest search precedence
15:01:44.693 [Test worker] DEBUG org.springframework.core.env.StandardEnvironment - Adding PropertySource 'systemEnvironment' with lowest search precedence
15:01:44.693 [Test worker] DEBUG org.springframework.core.env.StandardEnvironment - Initialized StandardEnvironment with PropertySources [MapPropertySource@622307982 {name='systemProperties', properties={java.runtime.name=Java(TM) SE Runtime Environment, sun.boot.library.path=E:\firstai\tools\jdk1.8.0_144\jre\bin, java.vm.version=25.144-b01, java.vm.vendor=Oracle Corporation, java.vendor.url=http://java.oracle.com/, path.separator=;, java.vm.name=Java HotSpot(TM) 64-Bit Server VM, file.encoding.pkg=sun.io, user.script=, sun.java.launcher=SUN_STANDARD, user.country=US, sun.os.patch.level=, java.vm.specification.name=Java Virtual Machine Specification, user.dir=E:\Hardik\Java\source\Example, java.runtime.version=1.8.0_144-b01, java.awt.graphicsenv=sun.awt.Win32GraphicsEnvironment, java.endorsed.dirs=E:\firstai\tools\jdk1.8.0_144\jre\lib\endorsed, os.arch=amd64, java.io.tmpdir=C:\Users\hardikn\AppData\Local\Temp\, line.separator=
, java.vm.specification.vendor=Oracle Corporation, user.variant=, os.name=Windows 8.1, sun.jnu.encoding=Cp1252, java.library.path=E:\firstai\tools\jdk1.8.0_144\bin;C:\Windows\Sun\Java\bin;C:\Windows\system32;C:\Windows;E:/firstai/tools/jdk1.8.0_144/bin/../jre/bin/server;E:/firstai/tools/jdk1.8.0_144/bin/../jre/bin;E:/firstai/tools/jdk1.8.0_144/bin/../jre/lib/amd64;C:\oraclexe\app\oracle\product\11.2.0\server\bin;;C:\Windows\system32;C:\Windows;C:\Windows\System32\Wbem;C:\Windows\System32\WindowsPowerShell\v1.0\;C:\Program Files\Git\cmd;C:\Program Files (x86)\WinMerge;C:\Users\hardikn\AppData\Local\Programs\Python\Python36-32\Scripts\;C:\Users\hardikn\AppData\Local\Programs\Python\Python36-32\;E:\firstai\tools\jdk1.8.0_144\bin;E:\firstai\tools\jdk1.8.0_144\bin;E:\firstai\tools\mysql-5.7.20-winx64\bin;E:\firstai\tools\rubyinstaller-2.4.2-2-x64\bin;E:\firstai\tools\node-v6.11.5-win-x64\;E:\firstai\tools\gradle-3.2\bin;E:\firstai\tools\curl-7.53.1\src;E:\firstai\tools\elasticsearch-5.6.3\bin;C:\Users\hardikn\AppData\Local\GitHubDesktop\bin;C:\Program Files\Docker Toolbox\;C:\Users\hardikn\AppData\Local\Programs\Fiddler;C:\Program Files\Microsoft VS Code\bin;E:\software\elasticsearch\kibana-6.0.0-windows-x86_64\bin;E:\software\elasticsearch\logstash-6.0.0\bin;E:\software\database\liquibase-3.5.3-bin;E:\software\atlassian-bitbucket\atlassian-bitbucket-5.5.2\bin;C:\Users\hardikn\AppData\Local\Programs\Python\Python36-32;E:\software\apache-maven-3.5.0\bin;E:\Hardik\Java\resource\spring-1.5.9.RELEASE\\bin;;C:\Users\hardikn\Desktop;;., java.specification.name=Java Platform API Specification, java.class.version=52.0, sun.management.compiler=HotSpot 64-Bit Tiered Compilers, os.version=6.3, user.home=C:\Users\hardikn, user.timezone=Asia/Calcutta, java.awt.printerjob=sun.awt.windows.WPrinterJob, file.encoding=windows-1252, java.specification.version=1.8, java.class.path=E:\Hardik\Java\source\Example\build\classes\test;E:\Hardik\Java\source\Example\build\resources\test;E:\Hardik\Java\source\Example\build\classes\main;E:\Hardik\Java\source\Example\build\resources\main;C:\Users\hardikn\.gradle\caches\modules-2\files-2.1\org.springframework.boot\spring-boot-starter-actuator\1.5.9.RELEASE\5fcdcdef573e55e5dba9b499e3f5582f6b3c3fbe\spring-boot-starter-actuator-1.5.9.RELEASE.jar;C:\Users\hardikn\.gradle\caches\modules-2\files-2.1\org.springframework.boot\spring-boot-starter-web\1.5.9.RELEASE\bda9733d5e6ba6d1a97deead1738713dc0631b3e\spring-boot-starter-web-1.5.9.RELEASE.jar;C:\Users\hardikn\.gradle\caches\modules-2\files-2.1\org.springframework.boot\spring-boot-starter-test\1.5.9.RELEASE\b5adf6fbf53be00b7ae52f657d564122edbe5156\spring-boot-starter-test-1.5.9.RELEASE.jar;C:\Users\hardikn\.gradle\caches\modules-2\files-2.1\org.springframework.boot\spring-boot-starter\1.5.9.RELEASE\6bfb34db2715ee86c6e2337fa145650588b4b1b3\spring-boot-starter-1.5.9.RELEASE.jar;C:\Users\hardikn\.gradle\caches\modules-2\files-2.1\org.springframework.boot\spring-boot-actuator\1.5.9.RELEASE\c4aaf71a1298c1bde690fcf75df39036745396c6\spring-boot-actuator-1.5.9.RELEASE.jar;C:\Users\hardikn\.gradle\caches\modules-2\files-2.1\org.springframework.boot\spring-boot-starter-tomcat\1.5.9.RELEASE\4615056f8a2bcad03ba8cdf410419ee3d101c5bb\spring-boot-starter-tomcat-1.5.9.RELEASE.jar;C:\Users\hardikn\.gradle\caches\modules-2\files-2.1\org.hibernate\hibernate-validator\5.3.6.Final\4c730be8bf55a8e9a61e79a2f2c079abf48b718\hibernate-validator-5.3.6.Final.jar;C:\Users\hardikn\.gradle\caches\modules-2\files-2.1\com.fasterxml.jackson.core\jackson-databind\2.8.10\f7b83cb2bc4b88d53961e749e1ad32f49ef017b7\jackson-databind-2.8.10.jar;C:\Users\hardikn\.gradle\caches\modules-2\files-2.1\org.springframework\spring-web\4.3.13.RELEASE\7cd084992d546165ede3e99bc31ee49c937f0ce7\spring-web-4.3.13.RELEASE.jar;C:\Users\hardikn\.gradle\caches\modules-2\files-2.1\org.springframework\spring-webmvc\4.3.13.RELEASE\87a095c7a1d13fe433ae6712787238c1dbaa6919\spring-webmvc-4.3.13.RELEASE.jar;C:\Users\hardikn\.gradle\caches\modules-2\files-2.1\org.springframework.boot\spring-boot-test\1.5.9.RELEASE\7e604d56325f04a8b89a280e647746fc69e5a21f\spring-boot-test-1.5.9.RELEASE.jar;C:\Users\hardikn\.gradle\caches\modules-2\files-2.1\org.springframework.boot\spring-boot-test-autoconfigure\1.5.9.RELEASE\b428495e25b0531b2a977f51c5d29011c817b8ee\spring-boot-test-autoconfigure-1.5.9.RELEASE.jar;C:\Users\hardikn\.gradle\caches\modules-2\files-2.1\com.jayway.jsonpath\json-path\2.2.0\22290d17944bd239fabf5ac69005a60a7ecbbbcb\json-path-2.2.0.jar;C:\Users\hardikn\.gradle\caches\modules-2\files-2.1\junit\junit\4.12\2973d150c0dc1fefe998f834810d68f278ea58ec\junit-4.12.jar;C:\Users\hardikn\.gradle\caches\modules-2\files-2.1\org.assertj\assertj-core\2.6.0\b532c3fc4f66bcfee4989a3514f1cd56203a33ad\assertj-core-2.6.0.jar;C:\Users\hardikn\.gradle\caches\modules-2\files-2.1\org.mockito\mockito-core\1.10.19\e8546f5bef4e061d8dd73895b4e8f40e3fe6effe\mockito-core-1.10.19.jar;C:\Users\hardikn\.gradle\caches\modules-2\files-2.1\org.hamcrest\hamcrest-core\1.3\42a25dc3219429f0e5d060061f71acb49bf010a0\hamcrest-core-1.3.jar;C:\Users\hardikn\.gradle\caches\modules-2\files-2.1\org.hamcrest\hamcrest-library\1.3\4785a3c21320980282f9f33d0d1264a69040538f\hamcrest-library-1.3.jar;C:\Users\hardikn\.gradle\caches\modules-2\files-2.1\org.skyscreamer\jsonassert\1.4.0\9cdbb373a06f6513e51e8c545ee6a5e981463edb\jsonassert-1.4.0.jar;C:\Users\hardikn\.gradle\caches\modules-2\files-2.1\org.springframework\spring-core\4.3.13.RELEASE\eea18d7f4d01f1baa1b6728b678b5a6fe23c61f6\spring-core-4.3.13.RELEASE.jar;C:\Users\hardikn\.gradle\caches\modules-2\files-2.1\org.springframework\spring-test\4.3.13.RELEASE\f4ff71b0d628d37f334d4f1f197c1b8cea364d01\spring-test-4.3.13.RELEASE.jar;C:\Users\hardikn\.gradle\caches\modules-2\files-2.1\org.springframework.boot\spring-boot\1.5.9.RELEASE\f472cdf948288796fb31e0bb03f6e7b022b763a0\spring-boot-1.5.9.RELEASE.jar;C:\Users\hardikn\.gradle\caches\modules-2\files-2.1\org.springframework.boot\spring-boot-autoconfigure\1.5.9.RELEASE\88dd18bdaf317ae40971573a051fd47265f2ed39\spring-boot-autoconfigure-1.5.9.RELEASE.jar;C:\Users\hardikn\.gradle\caches\modules-2\files-2.1\org.springframework.boot\spring-boot-starter-logging\1.5.9.RELEASE\30fd62a1ce9639759d90d49608501082314c1628\spring-boot-starter-logging-1.5.9.RELEASE.jar;C:\Users\hardikn\.gradle\caches\modules-2\files-2.1\org.yaml\snakeyaml\1.17\7a27ea250c5130b2922b86dea63cbb1cc10a660c\snakeyaml-1.17.jar;C:\Users\hardikn\.gradle\caches\modules-2\files-2.1\org.springframework\spring-context\4.3.13.RELEASE\6ab1c189a13182fa3256f6bbc68fafdaf8f5a19e\spring-context-4.3.13.RELEASE.jar;C:\Users\hardikn\.gradle\caches\modules-2\files-2.1\org.apache.tomcat.embed\tomcat-embed-core\8.5.23\79261793a47f507890ee08f749b9d81774e4f7f0\tomcat-embed-core-8.5.23.jar;C:\Users\hardikn\.gradle\caches\modules-2\files-2.1\org.apache.tomcat.embed\tomcat-embed-el\8.5.23\98d979cde444dffa6d434c8377d0123b2dfa614c\tomcat-embed-el-8.5.23.jar;C:\Users\hardikn\.gradle\caches\modules-2\files-2.1\org.apache.tomcat.embed\tomcat-embed-websocket\8.5.23\52f07abcae10dc7e1764304b0877def175c2c833\tomcat-embed-websocket-8.5.23.jar;C:\Users\hardikn\.gradle\caches\modules-2\files-2.1\javax.validation\validation-api\1.1.0.Final\8613ae82954779d518631e05daa73a6a954817d5\validation-api-1.1.0.Final.jar;C:\Users\hardikn\.gradle\caches\modules-2\files-2.1\org.jboss.logging\jboss-logging\3.3.1.Final\c46217ab74b532568c0ed31dc599db3048bd1b67\jboss-logging-3.3.1.Final.jar;C:\Users\hardikn\.gradle\caches\modules-2\files-2.1\com.fasterxml\classmate\1.3.4\3d5f48f10bbe4eb7bd862f10c0583be2e0053c6\classmate-1.3.4.jar;C:\Users\hardikn\.gradle\caches\modules-2\files-2.1\com.fasterxml.jackson.core\jackson-annotations\2.8.0\45b426f7796b741035581a176744d91090e2e6fb\jackson-annotations-2.8.0.jar;C:\Users\hardikn\.gradle\caches\modules-2\files-2.1\com.fasterxml.jackson.core\jackson-core\2.8.10\eb21a035c66ad307e66ec8fce37f5d50fd62d039\jackson-core-2.8.10.jar;C:\Users\hardikn\.gradle\caches\modules-2\files-2.1\org.springframework\spring-aop\4.3.13.RELEASE\61f427b55951f59b50f3c2bd0de3c48960e2a342\spring-aop-4.3.13.RELEASE.jar;C:\Users\hardikn\.gradle\caches\modules-2\files-2.1\org.springframework\spring-beans\4.3.13.RELEASE\8613a7077722f1d97f8cb3fea4b0b40bfadf4496\spring-beans-4.3.13.RELEASE.jar;C:\Users\hardikn\.gradle\caches\modules-2\files-2.1\org.springframework\spring-expression\4.3.13.RELEASE\da22bf7df1262e429b49653be6cd5b89b6affe5e\spring-expression-4.3.13.RELEASE.jar;C:\Users\hardikn\.gradle\caches\modules-2\files-2.1\net.minidev\json-smart\2.2.1\5b9e5df7a62d1279b70dc882b041d249c4f0b002\json-smart-2.2.1.jar;C:\Users\hardikn\.gradle\caches\modules-2\files-2.1\org.slf4j\slf4j-api\1.7.25\da76ca59f6a57ee3102f8f9bd9cee742973efa8a\slf4j-api-1.7.25.jar;C:\Users\hardikn\.gradle\caches\modules-2\files-2.1\org.objenesis\objenesis\2.1\87c0ea803b69252868d09308b4618f766f135a96\objenesis-2.1.jar;C:\Users\hardikn\.gradle\caches\modules-2\files-2.1\com.vaadin.external.google\android-json\0.0.20131108.vaadin1\fa26d351fe62a6a17f5cda1287c1c6110dec413f\android-json-0.0.20131108.vaadin1.jar;C:\Users\hardikn\.gradle\caches\modules-2\files-2.1\ch.qos.logback\logback-classic\1.1.11\ccedfbacef4a6515d2983e3f89ed753d5d4fb665\logback-classic-1.1.11.jar;C:\Users\hardikn\.gradle\caches\modules-2\files-2.1\org.slf4j\jcl-over-slf4j\1.7.25\f8c32b13ff142a513eeb5b6330b1588dcb2c0461\jcl-over-slf4j-1.7.25.jar;C:\Users\hardikn\.gradle\caches\modules-2\files-2.1\org.slf4j\jul-to-slf4j\1.7.25\af5364cd6679bfffb114f0dec8a157aaa283b76\jul-to-slf4j-1.7.25.jar;C:\Users\hardikn\.gradle\caches\modules-2\files-2.1\org.slf4j\log4j-over-slf4j\1.7.25\a87bb47468f47ee7aabbd54f93e133d4215769c3\log4j-over-slf4j-1.7.25.jar;C:\Users\hardikn\.gradle\caches\modules-2\files-2.1\org.apache.tomcat\tomcat-annotations-api\8.5.23\aaf17df9fe0240e9e9d5375d24d5f177174b73d9\tomcat-annotations-api-8.5.23.jar;C:\Users\hardikn\.gradle\caches\modules-2\files-2.1\net.minidev\accessors-smart\1.1\a527213f2fea112a04c9bdf0ec0264e34104cd08\accessors-smart-1.1.jar;C:\Users\hardikn\.gradle\caches\modules-2\files-2.1\ch.qos.logback\logback-core\1.1.11\88b8df40340eed549fb07e2613879bf6b006704d\logback-core-1.1.11.jar;C:\Users\hardikn\.gradle\caches\modules-2\files-2.1\org.ow2.asm\asm\5.0.3\dcc2193db20e19e1feca8b1240dbbc4e190824fa\asm-5.0.3.jar, user.name=hardikn, java.vm.specification.version=1.8, sun.java.command=worker.org.gradle.process.internal.worker.GradleWorkerMain 'Gradle Test Executor 1', java.home=E:\firstai\tools\jdk1.8.0_144\jre, sun.arch.data.model=64, user.language=en, java.specification.vendor=Oracle Corporation, awt.toolkit=sun.awt.windows.WToolkit, java.vm.info=mixed mode, java.version=1.8.0_144, java.ext.dirs=E:\firstai\tools\jdk1.8.0_144\jre\lib\ext;C:\Windows\Sun\Java\lib\ext, sun.boot.class.path=E:\firstai\tools\jdk1.8.0_144\jre\lib\resources.jar;E:\firstai\tools\jdk1.8.0_144\jre\lib\rt.jar;E:\firstai\tools\jdk1.8.0_144\jre\lib\sunrsasign.jar;E:\firstai\tools\jdk1.8.0_144\jre\lib\jsse.jar;E:\firstai\tools\jdk1.8.0_144\jre\lib\jce.jar;E:\firstai\tools\jdk1.8.0_144\jre\lib\charsets.jar;E:\firstai\tools\jdk1.8.0_144\jre\lib\jfr.jar;E:\firstai\tools\jdk1.8.0_144\jre\classes, java.vendor=Oracle Corporation, org.gradle.test.worker=1, file.separator=\, java.vendor.url.bug=http://bugreport.sun.com/bugreport/, sun.io.unicode.encoding=UnicodeLittle, sun.cpu.endian=little, sun.desktop=windows, sun.cpu.isalist=amd64}}, SystemEnvironmentPropertySource@889409967 {name='systemEnvironment', properties={USERDOMAIN_ROAMINGPROFILE=RAYS-TECH, PROCESSOR_LEVEL=6, FP_NO_HOST_CHECK=NO, SESSIONNAME=Console, ALLUSERSPROFILE=C:\ProgramData, PROCESSOR_ARCHITECTURE=AMD64, PSModulePath=C:\Windows\system32\WindowsPowerShell\v1.0\Modules\, SystemDrive=C:, JRE_HOME=E:\firstai\tools\jdk1.8.0_144\, NODEJS_HOME=E:\firstai\tools\node-v6.11.5-win-x64\, MAVEN_HOME=E:\software\apache-maven-3.5.0, USERNAME=hardikn, USERDNSDOMAIN=RAYS-TECH.COM, ProgramFiles(x86)=C:\Program Files (x86), KIBANA_HOME=E:\software\elasticsearch\kibana-6.0.0-windows-x86_64\, PATHEXT=.COM;.EXE;.BAT;.CMD;.VBS;.VBE;.JS;.JSE;.WSF;.WSH;.MSC, PYTHON_HOME=C:\Users\hardikn\AppData\Local\Programs\Python\Python36-32, ProgramData=C:\ProgramData, ProgramW6432=C:\Program Files, HOMEPATH=\Users\hardikn, MYSQL_HOME=E:\firstai\tools\mysql-5.7.20-winx64\, SPRING_HOME=E:\Hardik\Java\resource\spring-1.5.9.RELEASE\, PROCESSOR_IDENTIFIER=Intel64 Family 6 Model 60 Stepping 3, GenuineIntel, ProgramFiles=C:\Program Files, PUBLIC=C:\Users\Public, ELASTICSEARCH_HOME=E:\firstai\tools\elasticsearch-5.6.3\, windir=C:\Windows, =::=::\, LOCALAPPDATA=C:\Users\hardikn\AppData\Local, USERDOMAIN=RAYS-TECH, LOGONSERVER=\\VM-001, JAVA_HOME=E:\firstai\tools\jdk1.8.0_144\, GRADLE_HOME=E:\firstai\tools\gradle-3.2\, APPDATA=C:\Users\hardikn\AppData\Roaming, BITBUCKET_HOME=E:\software\atlassian-bitbucket\atlassian-bitbucket-5.5.2\, LOGSTASH_HOME=E:\software\elasticsearch\logstash-6.0.0\, LIQUIBASE_HOME=E:\software\database\liquibase-3.5.3-bin, VBOX_MSI_INSTALL_PATH=C:\Program Files\Oracle\VirtualBox\, CommonProgramFiles=C:\Program Files\Common Files, Path=E:/firstai/tools/jdk1.8.0_144/bin/../jre/bin/server;E:/firstai/tools/jdk1.8.0_144/bin/../jre/bin;E:/firstai/tools/jdk1.8.0_144/bin/../jre/lib/amd64;C:\oraclexe\app\oracle\product\11.2.0\server\bin;;C:\Windows\system32;C:\Windows;C:\Windows\System32\Wbem;C:\Windows\System32\WindowsPowerShell\v1.0\;C:\Program Files\Git\cmd;C:\Program Files (x86)\WinMerge;C:\Users\hardikn\AppData\Local\Programs\Python\Python36-32\Scripts\;C:\Users\hardikn\AppData\Local\Programs\Python\Python36-32\;E:\firstai\tools\jdk1.8.0_144\bin;E:\firstai\tools\jdk1.8.0_144\bin;E:\firstai\tools\mysql-5.7.20-winx64\bin;E:\firstai\tools\rubyinstaller-2.4.2-2-x64\bin;E:\firstai\tools\node-v6.11.5-win-x64\;E:\firstai\tools\gradle-3.2\bin;E:\firstai\tools\curl-7.53.1\src;E:\firstai\tools\elasticsearch-5.6.3\bin;C:\Users\hardikn\AppData\Local\GitHubDesktop\bin;C:\Program Files\Docker Toolbox\;C:\Users\hardikn\AppData\Local\Programs\Fiddler;C:\Program Files\Microsoft VS Code\bin;E:\software\elasticsearch\kibana-6.0.0-windows-x86_64\bin;E:\software\elasticsearch\logstash-6.0.0\bin;E:\software\database\liquibase-3.5.3-bin;E:\software\atlassian-bitbucket\atlassian-bitbucket-5.5.2\bin;C:\Users\hardikn\AppData\Local\Programs\Python\Python36-32;E:\software\apache-maven-3.5.0\bin;E:\Hardik\Java\resource\spring-1.5.9.RELEASE\\bin;;C:\Users\hardikn\Desktop;, RUBY_HOME=E:\firstai\tools\rubyinstaller-2.4.2-2-x64\, OS=Windows_NT, COMPUTERNAME=W8-HARDIKN, CURL_HOME=E:\firstai\tools\curl-7.53.1\, PROCESSOR_REVISION=3c03, CommonProgramW6432=C:\Program Files\Common Files, ComSpec=C:\Windows\system32\cmd.exe, SystemRoot=C:\Windows, TEMP=C:\Users\hardikn\AppData\Local\Temp, HOMEDRIVE=C:, USERPROFILE=C:\Users\hardikn, TMP=C:\Users\hardikn\AppData\Local\Temp, CommonProgramFiles(x86)=C:\Program Files (x86)\Common Files, NUMBER_OF_PROCESSORS=8, DOCKER_TOOLBOX_INSTALL_PATH=C:\Program Files\Docker Toolbox\}}]
15:01:44.695 [Test worker] DEBUG org.springframework.core.env.MutablePropertySources - Adding PropertySource 'inline' with highest search precedence
15:01:44.699 [Test worker] DEBUG org.springframework.test.context.support.TestPropertySourceUtils - Adding inlined properties to environment: {spring.jmx.enabled=false, org.springframework.boot.test.context.SpringBootTestContextBootstrapper=true, server.port=-1}
15:01:44.699 [Test worker] DEBUG org.springframework.core.env.StandardEnvironment - Adding PropertySource 'Inlined Test Properties' with highest search precedence

  .   ____          _            __ _ _
 /\\ / ___'_ __ _ _(_)_ __  __ _ \ \ \ \
( ( )\___ | '_ | '_| | '_ \/ _` | \ \ \ \
 \\/  ___)| |_)| | | | | || (_| |  ) ) ) )
  '  |____| .__|_| |_|_| |_\__, | / / / /
 =========|_|==============|___/=/_/_/_/
 :: Spring Boot ::        (v1.5.9.RELEASE)

2018-01-08 15:01:44.878  INFO 13892 --- [    Test worker] c.s.b.Example.ExampleApplicationTests    : Starting ExampleApplicationTests on W8-HARDIKN with PID 13892 (started by hardikn in E:\Hardik\Java\source\Example)
2018-01-08 15:01:44.879  INFO 13892 --- [    Test worker] c.s.b.Example.ExampleApplicationTests    : No active profile set, falling back to default profiles: default
2018-01-08 15:01:44.906  INFO 13892 --- [    Test worker] o.s.w.c.s.GenericWebApplicationContext   : Refreshing org.springframework.web.context.support.GenericWebApplicationContext@40b4a779: startup date [Mon Jan 08 15:01:44 IST 2018]; root of context hierarchy
2018-01-08 15:01:46.224  INFO 13892 --- [    Test worker] s.w.s.m.m.a.RequestMappingHandlerAdapter : Looking for @ControllerAdvice: org.springframework.web.context.support.GenericWebApplicationContext@40b4a779: startup date [Mon Jan 08 15:01:44 IST 2018]; root of context hierarchy
2018-01-08 15:01:46.286  INFO 13892 --- [    Test worker] s.w.s.m.m.a.RequestMappingHandlerMapping : Mapped "{[/error]}" onto public org.springframework.http.ResponseEntity<java.util.Map<java.lang.String, java.lang.Object>> org.springframework.boot.autoconfigure.web.BasicErrorController.error(javax.servlet.http.HttpServletRequest)
2018-01-08 15:01:46.286  INFO 13892 --- [    Test worker] s.w.s.m.m.a.RequestMappingHandlerMapping : Mapped "{[/error],produces=[text/html]}" onto public org.springframework.web.servlet.ModelAndView org.springframework.boot.autoconfigure.web.BasicErrorController.errorHtml(javax.servlet.http.HttpServletRequest,javax.servlet.http.HttpServletResponse)
2018-01-08 15:01:46.314  INFO 13892 --- [    Test worker] o.s.w.s.handler.SimpleUrlHandlerMapping  : Mapped URL path [/webjars/**] onto handler of type [class org.springframework.web.servlet.resource.ResourceHttpRequestHandler]
2018-01-08 15:01:46.315  INFO 13892 --- [    Test worker] o.s.w.s.handler.SimpleUrlHandlerMapping  : Mapped URL path [/**] onto handler of type [class org.springframework.web.servlet.resource.ResourceHttpRequestHandler]
2018-01-08 15:01:46.343  INFO 13892 --- [    Test worker] o.s.w.s.handler.SimpleUrlHandlerMapping  : Mapped URL path [/**/favicon.ico] onto handler of type [class org.springframework.web.servlet.resource.ResourceHttpRequestHandler]
2018-01-08 15:01:46.563  INFO 13892 --- [    Test worker] o.s.b.a.e.mvc.EndpointHandlerMapping     : Mapped "{[/loggers/{name:.*}],methods=[GET],produces=[application/vnd.spring-boot.actuator.v1+json || application/json]}" onto public java.lang.Object org.springframework.boot.actuate.endpoint.mvc.LoggersMvcEndpoint.get(java.lang.String)
2018-01-08 15:01:46.563  INFO 13892 --- [    Test worker] o.s.b.a.e.mvc.EndpointHandlerMapping     : Mapped "{[/loggers/{name:.*}],methods=[POST],consumes=[application/vnd.spring-boot.actuator.v1+json || application/json],produces=[application/vnd.spring-boot.actuator.v1+json || application/json]}" onto public java.lang.Object org.springframework.boot.actuate.endpoint.mvc.LoggersMvcEndpoint.set(java.lang.String,java.util.Map<java.lang.String, java.lang.String>)
2018-01-08 15:01:46.563  INFO 13892 --- [    Test worker] o.s.b.a.e.mvc.EndpointHandlerMapping     : Mapped "{[/loggers || /loggers.json],methods=[GET],produces=[application/vnd.spring-boot.actuator.v1+json || application/json]}" onto public java.lang.Object org.springframework.boot.actuate.endpoint.mvc.EndpointMvcAdapter.invoke()
2018-01-08 15:01:46.564  INFO 13892 --- [    Test worker] o.s.b.a.e.mvc.EndpointHandlerMapping     : Mapped "{[/mappings || /mappings.json],methods=[GET],produces=[application/vnd.spring-boot.actuator.v1+json || application/json]}" onto public java.lang.Object org.springframework.boot.actuate.endpoint.mvc.EndpointMvcAdapter.invoke()
2018-01-08 15:01:46.565  INFO 13892 --- [    Test worker] o.s.b.a.e.mvc.EndpointHandlerMapping     : Mapped "{[/metrics/{name:.*}],methods=[GET],produces=[application/vnd.spring-boot.actuator.v1+json || application/json]}" onto public java.lang.Object org.springframework.boot.actuate.endpoint.mvc.MetricsMvcEndpoint.value(java.lang.String)
2018-01-08 15:01:46.565  INFO 13892 --- [    Test worker] o.s.b.a.e.mvc.EndpointHandlerMapping     : Mapped "{[/metrics || /metrics.json],methods=[GET],produces=[application/vnd.spring-boot.actuator.v1+json || application/json]}" onto public java.lang.Object org.springframework.boot.actuate.endpoint.mvc.EndpointMvcAdapter.invoke()
2018-01-08 15:01:46.565  INFO 13892 --- [    Test worker] o.s.b.a.e.mvc.EndpointHandlerMapping     : Mapped "{[/configprops || /configprops.json],methods=[GET],produces=[application/vnd.spring-boot.actuator.v1+json || application/json]}" onto public java.lang.Object org.springframework.boot.actuate.endpoint.mvc.EndpointMvcAdapter.invoke()
2018-01-08 15:01:46.567  INFO 13892 --- [    Test worker] o.s.b.a.e.mvc.EndpointHandlerMapping     : Mapped "{[/env/{name:.*}],methods=[GET],produces=[application/vnd.spring-boot.actuator.v1+json || application/json]}" onto public java.lang.Object org.springframework.boot.actuate.endpoint.mvc.EnvironmentMvcEndpoint.value(java.lang.String)
2018-01-08 15:01:46.567  INFO 13892 --- [    Test worker] o.s.b.a.e.mvc.EndpointHandlerMapping     : Mapped "{[/env || /env.json],methods=[GET],produces=[application/vnd.spring-boot.actuator.v1+json || application/json]}" onto public java.lang.Object org.springframework.boot.actuate.endpoint.mvc.EndpointMvcAdapter.invoke()
2018-01-08 15:01:46.568  INFO 13892 --- [    Test worker] o.s.b.a.e.mvc.EndpointHandlerMapping     : Mapped "{[/trace || /trace.json],methods=[GET],produces=[application/vnd.spring-boot.actuator.v1+json || application/json]}" onto public java.lang.Object org.springframework.boot.actuate.endpoint.mvc.EndpointMvcAdapter.invoke()
2018-01-08 15:01:46.568  INFO 13892 --- [    Test worker] o.s.b.a.e.mvc.EndpointHandlerMapping     : Mapped "{[/info || /info.json],methods=[GET],produces=[application/vnd.spring-boot.actuator.v1+json || application/json]}" onto public java.lang.Object org.springframework.boot.actuate.endpoint.mvc.EndpointMvcAdapter.invoke()
2018-01-08 15:01:46.569  INFO 13892 --- [    Test worker] o.s.b.a.e.mvc.EndpointHandlerMapping     : Mapped "{[/auditevents || /auditevents.json],methods=[GET],produces=[application/vnd.spring-boot.actuator.v1+json || application/json]}" onto public org.springframework.http.ResponseEntity<?> org.springframework.boot.actuate.endpoint.mvc.AuditEventsMvcEndpoint.findByPrincipalAndAfterAndType(java.lang.String,java.util.Date,java.lang.String)
2018-01-08 15:01:46.569  INFO 13892 --- [    Test worker] o.s.b.a.e.mvc.EndpointHandlerMapping     : Mapped "{[/heapdump || /heapdump.json],methods=[GET],produces=[application/octet-stream]}" onto public void org.springframework.boot.actuate.endpoint.mvc.HeapdumpMvcEndpoint.invoke(boolean,javax.servlet.http.HttpServletRequest,javax.servlet.http.HttpServletResponse) throws java.io.IOException,javax.servlet.ServletException
2018-01-08 15:01:46.570  INFO 13892 --- [    Test worker] o.s.b.a.e.mvc.EndpointHandlerMapping     : Mapped "{[/health || /health.json],methods=[GET],produces=[application/vnd.spring-boot.actuator.v1+json || application/json]}" onto public java.lang.Object org.springframework.boot.actuate.endpoint.mvc.HealthMvcEndpoint.invoke(javax.servlet.http.HttpServletRequest,java.security.Principal)
2018-01-08 15:01:46.570  INFO 13892 --- [    Test worker] o.s.b.a.e.mvc.EndpointHandlerMapping     : Mapped "{[/beans || /beans.json],methods=[GET],produces=[application/vnd.spring-boot.actuator.v1+json || application/json]}" onto public java.lang.Object org.springframework.boot.actuate.endpoint.mvc.EndpointMvcAdapter.invoke()
2018-01-08 15:01:46.571  INFO 13892 --- [    Test worker] o.s.b.a.e.mvc.EndpointHandlerMapping     : Mapped "{[/dump || /dump.json],methods=[GET],produces=[application/vnd.spring-boot.actuator.v1+json || application/json]}" onto public java.lang.Object org.springframework.boot.actuate.endpoint.mvc.EndpointMvcAdapter.invoke()
2018-01-08 15:01:46.571  INFO 13892 --- [    Test worker] o.s.b.a.e.mvc.EndpointHandlerMapping     : Mapped "{[/autoconfig || /autoconfig.json],methods=[GET],produces=[application/vnd.spring-boot.actuator.v1+json || application/json]}" onto public java.lang.Object org.springframework.boot.actuate.endpoint.mvc.EndpointMvcAdapter.invoke()
Let's inspect the beans provided by Spring Boot:
=>>>>actuatorMetricReader
=>>>>applicationContextIdFilter
=>>>>auditEventMvcEndpoint
=>>>>auditEventRepository
=>>>>auditListener
=>>>>autoConfigurationReportEndpoint
=>>>>basicErrorController
=>>>>beanNameHandlerMapping
=>>>>beanNameViewResolver
=>>>>beansEndpoint
=>>>>characterEncodingFilter
=>>>>commandLineRunner
=>>>>configurationPropertiesReportEndpoint
=>>>>conventionErrorViewResolver
=>>>>counterBuffers
=>>>>counterService
=>>>>defaultServletHandlerMapping
=>>>>defaultValidator
=>>>>defaultViewResolver
=>>>>diskSpaceHealthIndicator
=>>>>diskSpaceHealthIndicatorProperties
=>>>>dispatcherServlet
=>>>>dispatcherServletRegistration
=>>>>dumpEndpoint
=>>>>duplicateServerPropertiesDetector
=>>>>embeddedServletContainerCustomizerBeanPostProcessor
=>>>>endpointHandlerMapping
=>>>>endpoints-org.springframework.boot.actuate.endpoint.EndpointProperties
=>>>>endpoints.cors-org.springframework.boot.actuate.autoconfigure.EndpointCorsProperties
=>>>>endpoints.health-org.springframework.boot.actuate.autoconfigure.HealthMvcEndpointProperties
=>>>>endpoints.metrics.filter-org.springframework.boot.actuate.autoconfigure.MetricFilterProperties
=>>>>envInfoContributor
=>>>>environmentEndpoint
=>>>>environmentMvcEndpoint
=>>>>error
=>>>>errorAttributes
=>>>>errorPageCustomizer
=>>>>errorPageRegistrarBeanPostProcessor
=>>>>exampleApplication
=>>>>faviconHandlerMapping
=>>>>faviconRequestHandler
=>>>>gaugeBuffers
=>>>>gaugeService
=>>>>handlerExceptionResolver
=>>>>healthAggregator
=>>>>healthEndpoint
=>>>>healthMvcEndpoint
=>>>>heapdumpMvcEndpoint
=>>>>hiddenHttpMethodFilter
=>>>>httpPutFormContentFilter
=>>>>httpRequestHandlerAdapter
=>>>>infoEndpoint
=>>>>jacksonObjectMapper
=>>>>jacksonObjectMapperBuilder
=>>>>jsonComponentModule
=>>>>localeCharsetMappingsCustomizer
=>>>>loggersEndpoint
=>>>>loggersMvcEndpoint
=>>>>management.health.status-org.springframework.boot.actuate.autoconfigure.HealthIndicatorProperties
=>>>>management.info-org.springframework.boot.actuate.autoconfigure.InfoContributorProperties
=>>>>management.trace-org.springframework.boot.actuate.trace.TraceProperties
=>>>>managementContextResolver
=>>>>managementServerProperties
=>>>>managementServletContext
=>>>>mappingJackson2HttpMessageConverter
=>>>>messageConverters
=>>>>methodValidationPostProcessor
=>>>>metricReaderPublicMetrics
=>>>>metricWritersMetricExporter
=>>>>metricsEndpoint
=>>>>metricsFilter
=>>>>metricsMvcEndpoint
=>>>>multipartConfigElement
=>>>>multipartResolver
=>>>>mvcContentNegotiationManager
=>>>>mvcConversionService
=>>>>mvcEndpoints
=>>>>mvcHandlerMappingIntrospector
=>>>>mvcPathMatcher
=>>>>mvcResourceUrlProvider
=>>>>mvcUriComponentsContributor
=>>>>mvcUrlPathHelper
=>>>>mvcValidator
=>>>>mvcViewResolver
=>>>>org.springframework.boot.actuate.autoconfigure.AuditAutoConfiguration
=>>>>org.springframework.boot.actuate.autoconfigure.AuditAutoConfiguration$AuditEventRepositoryConfiguration
=>>>>org.springframework.boot.actuate.autoconfigure.EndpointAutoConfiguration
=>>>>org.springframework.boot.actuate.autoconfigure.EndpointAutoConfiguration$RequestMappingEndpointConfiguration
=>>>>org.springframework.boot.actuate.autoconfigure.EndpointWebMvcAutoConfiguration
=>>>>org.springframework.boot.actuate.autoconfigure.EndpointWebMvcAutoConfiguration$ApplicationContextFilterConfiguration
=>>>>org.springframework.boot.actuate.autoconfigure.EndpointWebMvcAutoConfiguration$EndpointWebMvcConfiguration
=>>>>org.springframework.boot.actuate.autoconfigure.EndpointWebMvcManagementContextConfiguration
=>>>>org.springframework.boot.actuate.autoconfigure.HealthIndicatorAutoConfiguration
=>>>>org.springframework.boot.actuate.autoconfigure.HealthIndicatorAutoConfiguration$DiskSpaceHealthIndicatorConfiguration
=>>>>org.springframework.boot.actuate.autoconfigure.InfoContributorAutoConfiguration
=>>>>org.springframework.boot.actuate.autoconfigure.ManagementServerPropertiesAutoConfiguration
=>>>>org.springframework.boot.actuate.autoconfigure.MetricExportAutoConfiguration
=>>>>org.springframework.boot.actuate.autoconfigure.MetricExportAutoConfiguration$MetricExportPropertiesConfiguration
=>>>>org.springframework.boot.actuate.autoconfigure.MetricExportAutoConfiguration$StatsdConfiguration
=>>>>org.springframework.boot.actuate.autoconfigure.MetricFilterAutoConfiguration
=>>>>org.springframework.boot.actuate.autoconfigure.MetricRepositoryAutoConfiguration
=>>>>org.springframework.boot.actuate.autoconfigure.MetricRepositoryAutoConfiguration$FastMetricServicesConfiguration
=>>>>org.springframework.boot.actuate.autoconfigure.PublicMetricsAutoConfiguration
=>>>>org.springframework.boot.actuate.autoconfigure.PublicMetricsAutoConfiguration$TomcatMetricsConfiguration
=>>>>org.springframework.boot.actuate.autoconfigure.TraceRepositoryAutoConfiguration
=>>>>org.springframework.boot.actuate.autoconfigure.TraceWebFilterAutoConfiguration
=>>>>org.springframework.boot.autoconfigure.AutoConfigurationPackages
=>>>>org.springframework.boot.autoconfigure.condition.BeanTypeRegistry
=>>>>org.springframework.boot.autoconfigure.context.ConfigurationPropertiesAutoConfiguration
=>>>>org.springframework.boot.autoconfigure.context.PropertyPlaceholderAutoConfiguration
=>>>>org.springframework.boot.autoconfigure.info.ProjectInfoAutoConfiguration
=>>>>org.springframework.boot.autoconfigure.internalCachingMetadataReaderFactory
=>>>>org.springframework.boot.autoconfigure.jackson.JacksonAutoConfiguration
=>>>>org.springframework.boot.autoconfigure.jackson.JacksonAutoConfiguration$Jackson2ObjectMapperBuilderCustomizerConfiguration
=>>>>org.springframework.boot.autoconfigure.jackson.JacksonAutoConfiguration$JacksonObjectMapperBuilderConfiguration
=>>>>org.springframework.boot.autoconfigure.jackson.JacksonAutoConfiguration$JacksonObjectMapperConfiguration
=>>>>org.springframework.boot.autoconfigure.validation.ValidationAutoConfiguration
=>>>>org.springframework.boot.autoconfigure.web.DispatcherServletAutoConfiguration
=>>>>org.springframework.boot.autoconfigure.web.DispatcherServletAutoConfiguration$DispatcherServletConfiguration
=>>>>org.springframework.boot.autoconfigure.web.DispatcherServletAutoConfiguration$DispatcherServletRegistrationConfiguration
=>>>>org.springframework.boot.autoconfigure.web.EmbeddedServletContainerAutoConfiguration
=>>>>org.springframework.boot.autoconfigure.web.EmbeddedServletContainerAutoConfiguration$EmbeddedTomcat
=>>>>org.springframework.boot.autoconfigure.web.ErrorMvcAutoConfiguration
=>>>>org.springframework.boot.autoconfigure.web.ErrorMvcAutoConfiguration$DefaultErrorViewResolverConfiguration
=>>>>org.springframework.boot.autoconfigure.web.ErrorMvcAutoConfiguration$WhitelabelErrorViewConfiguration
=>>>>org.springframework.boot.autoconfigure.web.HttpEncodingAutoConfiguration
=>>>>org.springframework.boot.autoconfigure.web.HttpMessageConvertersAutoConfiguration
=>>>>org.springframework.boot.autoconfigure.web.HttpMessageConvertersAutoConfiguration$StringHttpMessageConverterConfiguration
=>>>>org.springframework.boot.autoconfigure.web.JacksonHttpMessageConvertersConfiguration
=>>>>org.springframework.boot.autoconfigure.web.JacksonHttpMessageConvertersConfiguration$MappingJackson2HttpMessageConverterConfiguration
=>>>>org.springframework.boot.autoconfigure.web.MultipartAutoConfiguration
=>>>>org.springframework.boot.autoconfigure.web.ServerPropertiesAutoConfiguration
=>>>>org.springframework.boot.autoconfigure.web.WebClientAutoConfiguration
=>>>>org.springframework.boot.autoconfigure.web.WebClientAutoConfiguration$RestTemplateConfiguration
=>>>>org.springframework.boot.autoconfigure.web.WebMvcAutoConfiguration
=>>>>org.springframework.boot.autoconfigure.web.WebMvcAutoConfiguration$EnableWebMvcConfiguration
=>>>>org.springframework.boot.autoconfigure.web.WebMvcAutoConfiguration$WebMvcAutoConfigurationAdapter
=>>>>org.springframework.boot.autoconfigure.web.WebMvcAutoConfiguration$WebMvcAutoConfigurationAdapter$FaviconConfiguration
=>>>>org.springframework.boot.autoconfigure.websocket.WebSocketAutoConfiguration
=>>>>org.springframework.boot.autoconfigure.websocket.WebSocketAutoConfiguration$TomcatWebSocketConfiguration
=>>>>org.springframework.boot.context.properties.ConfigurationPropertiesBindingPostProcessor
=>>>>org.springframework.boot.context.properties.ConfigurationPropertiesBindingPostProcessor.store
=>>>>org.springframework.boot.test.mock.mockito.MockitoPostProcessor
=>>>>org.springframework.boot.test.mock.mockito.MockitoPostProcessor$SpyPostProcessor
=>>>>org.springframework.context.annotation.internalAutowiredAnnotationProcessor
=>>>>org.springframework.context.annotation.internalCommonAnnotationProcessor
=>>>>org.springframework.context.annotation.internalConfigurationAnnotationProcessor
=>>>>org.springframework.context.annotation.internalRequiredAnnotationProcessor
=>>>>org.springframework.context.annotation.internalScheduledAnnotationProcessor
=>>>>org.springframework.context.event.internalEventListenerFactory
=>>>>org.springframework.context.event.internalEventListenerProcessor
=>>>>org.springframework.scheduling.annotation.SchedulingConfiguration
=>>>>preserveErrorControllerTargetClassPostProcessor
=>>>>propertySourcesPlaceholderConfigurer
=>>>>requestContextFilter
=>>>>requestMappingEndpoint
=>>>>requestMappingHandlerAdapter
=>>>>requestMappingHandlerMapping
=>>>>resourceHandlerMapping
=>>>>restTemplateBuilder
=>>>>serverProperties
=>>>>shutdownEndpoint
=>>>>simpleControllerHandlerAdapter
=>>>>spring.http.encoding-org.springframework.boot.autoconfigure.web.HttpEncodingProperties
=>>>>spring.http.multipart-org.springframework.boot.autoconfigure.web.MultipartProperties
=>>>>spring.info-org.springframework.boot.autoconfigure.info.ProjectInfoProperties
=>>>>spring.jackson-org.springframework.boot.autoconfigure.jackson.JacksonProperties
=>>>>spring.metrics.export-org.springframework.boot.actuate.metrics.export.MetricExportProperties
=>>>>spring.mvc-org.springframework.boot.autoconfigure.web.WebMvcProperties
=>>>>spring.resources-org.springframework.boot.autoconfigure.web.ResourceProperties
=>>>>standardJacksonObjectMapperBuilderCustomizer
=>>>>stringHttpMessageConverter
=>>>>systemPublicMetrics
=>>>>tomcatEmbeddedServletContainerFactory
=>>>>tomcatPublicMetrics
=>>>>traceEndpoint
=>>>>traceRepository
=>>>>viewControllerHandlerMapping
=>>>>viewResolver
=>>>>webRequestLoggingFilter
=>>>>websocketContainerCustomizer
=>>>>welcomePageHandlerMapping
2018-01-08 15:01:46.713  INFO 13892 --- [    Test worker] c.s.b.Example.ExampleApplicationTests    : Started ExampleApplicationTests in 2.006 seconds (JVM running for 2.705)
]]></system-out>
  <system-err><![CDATA[]]></system-err>
</testsuite>
